C51 COMPILER V9.52.0.0   MAIN                                                              04/03/2022 10:01:20 PAGE 1   


C51 COMPILER V9.52.0.0, COMPILATION OF MODULE MAIN
OBJECT MODULE PLACED IN main.OBJ
COMPILER INVOKED BY: D:\keil4\C51\BIN\C51.EXE main.c ROM(COMPACT) BROWSE DEBUG OBJECTEXTEND

line level    source

   1          /*
   2          测试板载按键，按键按下，翻转LED灯的状态
   3          单片机型号：STC12C5A60S2
   4          晶振：12.000MHz（可改用11.0592MHz）
   5          */
   6          #include "reg51.h"
   7          
   8          sbit LED0       =P0^0;//程序运行状态指示灯
   9          sbit LED1       =P0^1;//按键指示灯
  10          sbit KEY        =P0^7;//按键KEY
  11          typedef unsigned char u8;
  12          
  13          void Delay10ms()                //@12.000MHz
  14          {
  15   1              unsigned char i, j;
  16   1      
  17   1              i = 117;
  18   1              j = 183;
  19   1              do
  20   1              {
  21   2                      while (--j);
  22   2              } while (--i);
  23   1      }
  24          
  25          void Delay200ms()
  26          {
  27   1              u8 t=20;
  28   1              while(t--)Delay10ms();
  29   1      }
  30          //按键扫描函数
  31          u8 KEY_Scan()
  32          {        
  33   1              static u8 key_up=1;
  34   1              if(key_up&&(KEY==1))
  35   1              {
  36   2                      Delay10ms();//去抖动 
  37   2                      key_up=0;
  38   2                      if(KEY==1)return 1;
  39   2              }
  40   1              else if(KEY==0)key_up=1;
  41   1              return 0;
  42   1      }
  43          
  44          void main()
  45          {
  46   1              u8 keyval=0;
  47   1              LED0=0;
  48   1              LED1=0;
  49   1              KEY=0;//给定按键IO值
  50   1      
  51   1          while(1)
  52   1              {
  53   2                      keyval=KEY_Scan();
  54   2                      if(keyval)
  55   2                      {
C51 COMPILER V9.52.0.0   MAIN                                                              04/03/2022 10:01:20 PAGE 2   

  56   3                              LED1=!LED1;
  57   3                              KEY=0;//给定按键IO值
  58   3                      }
  59   2                      
  60   2                      LED0=!LED0;
  61   2                      Delay200ms();
  62   2              }
  63   1      }
  64          


MODULE INFORMATION:   STATIC OVERLAYABLE
   CODE SIZE        =     78    ----
   CONSTANT SIZE    =   ----    ----
   XDATA SIZE       =   ----    ----
   PDATA SIZE       =   ----    ----
   DATA SIZE        =      1    ----
   IDATA SIZE       =   ----    ----
   BIT SIZE         =   ----    ----
END OF MODULE INFORMATION.


C51 COMPILATION COMPLETE.  0 WARNING(S),  0 ERROR(S)
